Error: EACCES: permission denied, open '/etc/letsencrypt/live/server.3d-chess.co.uk/fullchain.pem'
    at Object.openSync (node:fs:596:3)
    at Object.readFileSync (node:fs:464:35)
    at Object.<anonymous> (/home/bitnami/Chess-Project/chess-server/server.js:6:12)
    at Module._compile (node:internal/modules/cjs/loader:1356:14)
    at Module._extensions..js (node:internal/modules/cjs/loader:1414:10)
    at Module.load (node:internal/modules/cjs/loader:1197:32)
    at Module._load (node:internal/modules/cjs/loader:1013:12)
    at Object.<anonymous> (/opt/bitnami/node/lib/node_modules/pm2/lib/ProcessContainerFork.js:33:23)
    at Module._compile (node:internal/modules/cjs/loader:1356:14)
    at Module._extensions..js (node:internal/modules/cjs/loader:1414:10) {
  errno: -13,
  syscall: 'open',
  code: 'EACCES',
  path: '/etc/letsencrypt/live/server.3d-chess.co.uk/fullchain.pem'
}
Error: EACCES: permission denied, open '/etc/letsencrypt/live/server.3d-chess.co.uk/fullchain.pem'
    at Object.openSync (node:fs:596:3)
    at Object.readFileSync (node:fs:464:35)
    at Object.<anonymous> (/home/bitnami/Chess-Project/chess-server/server.js:6:12)
    at Module._compile (node:internal/modules/cjs/loader:1356:14)
    at Module._extensions..js (node:internal/modules/cjs/loader:1414:10)
    at Module.load (node:internal/modules/cjs/loader:1197:32)
    at Module._load (node:internal/modules/cjs/loader:1013:12)
    at Object.<anonymous> (/opt/bitnami/node/lib/node_modules/pm2/lib/ProcessContainerFork.js:33:23)
    at Module._compile (node:internal/modules/cjs/loader:1356:14)
    at Module._extensions..js (node:internal/modules/cjs/loader:1414:10) {
  errno: -13,
  syscall: 'open',
  code: 'EACCES',
  path: '/etc/letsencrypt/live/server.3d-chess.co.uk/fullchain.pem'
}
Error: EACCES: permission denied, open '/etc/letsencrypt/live/server.3d-chess.co.uk/fullchain.pem'
    at Object.openSync (node:fs:596:3)
    at Object.readFileSync (node:fs:464:35)
    at Object.<anonymous> (/home/bitnami/Chess-Project/chess-server/server.js:6:12)
    at Module._compile (node:internal/modules/cjs/loader:1356:14)
    at Module._extensions..js (node:internal/modules/cjs/loader:1414:10)
    at Module.load (node:internal/modules/cjs/loader:1197:32)
    at Module._load (node:internal/modules/cjs/loader:1013:12)
    at Object.<anonymous> (/opt/bitnami/node/lib/node_modules/pm2/lib/ProcessContainerFork.js:33:23)
    at Module._compile (node:internal/modules/cjs/loader:1356:14)
    at Module._extensions..js (node:internal/modules/cjs/loader:1414:10) {
  errno: -13,
  syscall: 'open',
  code: 'EACCES',
  path: '/etc/letsencrypt/live/server.3d-chess.co.uk/fullchain.pem'
}
Error: EACCES: permission denied, open '/etc/letsencrypt/live/server.3d-chess.co.uk/fullchain.pem'
    at Object.openSync (node:fs:596:3)
    at Object.readFileSync (node:fs:464:35)
    at Object.<anonymous> (/home/bitnami/Chess-Project/chess-server/server.js:6:12)
    at Module._compile (node:internal/modules/cjs/loader:1356:14)
    at Module._extensions..js (node:internal/modules/cjs/loader:1414:10)
    at Module.load (node:internal/modules/cjs/loader:1197:32)
    at Module._load (node:internal/modules/cjs/loader:1013:12)
    at Object.<anonymous> (/opt/bitnami/node/lib/node_modules/pm2/lib/ProcessContainerFork.js:33:23)
    at Module._compile (node:internal/modules/cjs/loader:1356:14)
    at Module._extensions..js (node:internal/modules/cjs/loader:1414:10) {
  errno: -13,
  syscall: 'open',
  code: 'EACCES',
  path: '/etc/letsencrypt/live/server.3d-chess.co.uk/fullchain.pem'
}
Error: EACCES: permission denied, open '/etc/letsencrypt/live/server.3d-chess.co.uk/fullchain.pem'
    at Object.openSync (node:fs:596:3)
    at Object.readFileSync (node:fs:464:35)
    at Object.<anonymous> (/home/bitnami/Chess-Project/chess-server/server.js:6:12)
    at Module._compile (node:internal/modules/cjs/loader:1356:14)
    at Module._extensions..js (node:internal/modules/cjs/loader:1414:10)
    at Module.load (node:internal/modules/cjs/loader:1197:32)
    at Module._load (node:internal/modules/cjs/loader:1013:12)
    at Object.<anonymous> (/opt/bitnami/node/lib/node_modules/pm2/lib/ProcessContainerFork.js:33:23)
    at Module._compile (node:internal/modules/cjs/loader:1356:14)
    at Module._extensions..js (node:internal/modules/cjs/loader:1414:10) {
  errno: -13,
  syscall: 'open',
  code: 'EACCES',
  path: '/etc/letsencrypt/live/server.3d-chess.co.uk/fullchain.pem'
}
Error: EACCES: permission denied, open '/etc/letsencrypt/live/server.3d-chess.co.uk/fullchain.pem'
    at Object.openSync (node:fs:596:3)
    at Object.readFileSync (node:fs:464:35)
    at Object.<anonymous> (/home/bitnami/Chess-Project/chess-server/server.js:6:12)
    at Module._compile (node:internal/modules/cjs/loader:1356:14)
    at Module._extensions..js (node:internal/modules/cjs/loader:1414:10)
    at Module.load (node:internal/modules/cjs/loader:1197:32)
    at Module._load (node:internal/modules/cjs/loader:1013:12)
    at Object.<anonymous> (/opt/bitnami/node/lib/node_modules/pm2/lib/ProcessContainerFork.js:33:23)
    at Module._compile (node:internal/modules/cjs/loader:1356:14)
    at Module._extensions..js (node:internal/modules/cjs/loader:1414:10) {
  errno: -13,
  syscall: 'open',
  code: 'EACCES',
  path: '/etc/letsencrypt/live/server.3d-chess.co.uk/fullchain.pem'
}
Error: EACCES: permission denied, open '/etc/letsencrypt/live/server.3d-chess.co.uk/fullchain.pem'
    at Object.openSync (node:fs:596:3)
    at Object.readFileSync (node:fs:464:35)
    at Object.<anonymous> (/home/bitnami/Chess-Project/chess-server/server.js:6:12)
    at Module._compile (node:internal/modules/cjs/loader:1356:14)
    at Module._extensions..js (node:internal/modules/cjs/loader:1414:10)
    at Module.load (node:internal/modules/cjs/loader:1197:32)
    at Module._load (node:internal/modules/cjs/loader:1013:12)
    at Object.<anonymous> (/opt/bitnami/node/lib/node_modules/pm2/lib/ProcessContainerFork.js:33:23)
    at Module._compile (node:internal/modules/cjs/loader:1356:14)
    at Module._extensions..js (node:internal/modules/cjs/loader:1414:10) {
  errno: -13,
  syscall: 'open',
  code: 'EACCES',
  path: '/etc/letsencrypt/live/server.3d-chess.co.uk/fullchain.pem'
}
Error: EACCES: permission denied, open '/etc/letsencrypt/live/server.3d-chess.co.uk/fullchain.pem'
    at Object.openSync (node:fs:596:3)
    at Object.readFileSync (node:fs:464:35)
    at Object.<anonymous> (/home/bitnami/Chess-Project/chess-server/server.js:6:12)
    at Module._compile (node:internal/modules/cjs/loader:1356:14)
    at Module._extensions..js (node:internal/modules/cjs/loader:1414:10)
    at Module.load (node:internal/modules/cjs/loader:1197:32)
    at Module._load (node:internal/modules/cjs/loader:1013:12)
    at Object.<anonymous> (/opt/bitnami/node/lib/node_modules/pm2/lib/ProcessContainerFork.js:33:23)
    at Module._compile (node:internal/modules/cjs/loader:1356:14)
    at Module._extensions..js (node:internal/modules/cjs/loader:1414:10) {
  errno: -13,
  syscall: 'open',
  code: 'EACCES',
  path: '/etc/letsencrypt/live/server.3d-chess.co.uk/fullchain.pem'
}
Error: EACCES: permission denied, open '/etc/letsencrypt/live/server.3d-chess.co.uk/fullchain.pem'
    at Object.openSync (node:fs:596:3)
    at Object.readFileSync (node:fs:464:35)
    at Object.<anonymous> (/home/bitnami/Chess-Project/chess-server/server.js:6:12)
    at Module._compile (node:internal/modules/cjs/loader:1356:14)
    at Module._extensions..js (node:internal/modules/cjs/loader:1414:10)
    at Module.load (node:internal/modules/cjs/loader:1197:32)
    at Module._load (node:internal/modules/cjs/loader:1013:12)
    at Object.<anonymous> (/opt/bitnami/node/lib/node_modules/pm2/lib/ProcessContainerFork.js:33:23)
    at Module._compile (node:internal/modules/cjs/loader:1356:14)
    at Module._extensions..js (node:internal/modules/cjs/loader:1414:10) {
  errno: -13,
  syscall: 'open',
  code: 'EACCES',
  path: '/etc/letsencrypt/live/server.3d-chess.co.uk/fullchain.pem'
}
Error: EACCES: permission denied, open '/etc/letsencrypt/live/server.3d-chess.co.uk/fullchain.pem'
    at Object.openSync (node:fs:596:3)
    at Object.readFileSync (node:fs:464:35)
    at Object.<anonymous> (/home/bitnami/Chess-Project/chess-server/server.js:6:12)
    at Module._compile (node:internal/modules/cjs/loader:1356:14)
    at Module._extensions..js (node:internal/modules/cjs/loader:1414:10)
    at Module.load (node:internal/modules/cjs/loader:1197:32)
    at Module._load (node:internal/modules/cjs/loader:1013:12)
    at Object.<anonymous> (/opt/bitnami/node/lib/node_modules/pm2/lib/ProcessContainerFork.js:33:23)
    at Module._compile (node:internal/modules/cjs/loader:1356:14)
    at Module._extensions..js (node:internal/modules/cjs/loader:1414:10) {
  errno: -13,
  syscall: 'open',
  code: 'EACCES',
  path: '/etc/letsencrypt/live/server.3d-chess.co.uk/fullchain.pem'
}
Error: EACCES: permission denied, open '/etc/letsencrypt/live/server.3d-chess.co.uk/fullchain.pem'
    at Object.openSync (node:fs:596:3)
    at Object.readFileSync (node:fs:464:35)
    at Object.<anonymous> (/home/bitnami/Chess-Project/chess-server/server.js:6:12)
    at Module._compile (node:internal/modules/cjs/loader:1356:14)
    at Module._extensions..js (node:internal/modules/cjs/loader:1414:10)
    at Module.load (node:internal/modules/cjs/loader:1197:32)
    at Module._load (node:internal/modules/cjs/loader:1013:12)
    at Object.<anonymous> (/opt/bitnami/node/lib/node_modules/pm2/lib/ProcessContainerFork.js:33:23)
    at Module._compile (node:internal/modules/cjs/loader:1356:14)
    at Module._extensions..js (node:internal/modules/cjs/loader:1414:10) {
  errno: -13,
  syscall: 'open',
  code: 'EACCES',
  path: '/etc/letsencrypt/live/server.3d-chess.co.uk/fullchain.pem'
}
Error: EACCES: permission denied, open '/etc/letsencrypt/live/server.3d-chess.co.uk/fullchain.pem'
    at Object.openSync (node:fs:596:3)
    at Object.readFileSync (node:fs:464:35)
    at Object.<anonymous> (/home/bitnami/Chess-Project/chess-server/server.js:6:12)
    at Module._compile (node:internal/modules/cjs/loader:1356:14)
    at Module._extensions..js (node:internal/modules/cjs/loader:1414:10)
    at Module.load (node:internal/modules/cjs/loader:1197:32)
    at Module._load (node:internal/modules/cjs/loader:1013:12)
    at Object.<anonymous> (/opt/bitnami/node/lib/node_modules/pm2/lib/ProcessContainerFork.js:33:23)
    at Module._compile (node:internal/modules/cjs/loader:1356:14)
    at Module._extensions..js (node:internal/modules/cjs/loader:1414:10) {
  errno: -13,
  syscall: 'open',
  code: 'EACCES',
  path: '/etc/letsencrypt/live/server.3d-chess.co.uk/fullchain.pem'
}
Error: EACCES: permission denied, open '/etc/letsencrypt/live/server.3d-chess.co.uk/fullchain.pem'
    at Object.openSync (node:fs:596:3)
    at Object.readFileSync (node:fs:464:35)
    at Object.<anonymous> (/home/bitnami/Chess-Project/chess-server/server.js:6:12)
    at Module._compile (node:internal/modules/cjs/loader:1356:14)
    at Module._extensions..js (node:internal/modules/cjs/loader:1414:10)
    at Module.load (node:internal/modules/cjs/loader:1197:32)
    at Module._load (node:internal/modules/cjs/loader:1013:12)
    at Object.<anonymous> (/opt/bitnami/node/lib/node_modules/pm2/lib/ProcessContainerFork.js:33:23)
    at Module._compile (node:internal/modules/cjs/loader:1356:14)
    at Module._extensions..js (node:internal/modules/cjs/loader:1414:10) {
  errno: -13,
  syscall: 'open',
  code: 'EACCES',
  path: '/etc/letsencrypt/live/server.3d-chess.co.uk/fullchain.pem'
}
Error: EACCES: permission denied, open '/etc/letsencrypt/live/server.3d-chess.co.uk/fullchain.pem'
    at Object.openSync (node:fs:596:3)
    at Object.readFileSync (node:fs:464:35)
    at Object.<anonymous> (/home/bitnami/Chess-Project/chess-server/server.js:6:12)
    at Module._compile (node:internal/modules/cjs/loader:1356:14)
    at Module._extensions..js (node:internal/modules/cjs/loader:1414:10)
    at Module.load (node:internal/modules/cjs/loader:1197:32)
    at Module._load (node:internal/modules/cjs/loader:1013:12)
    at Object.<anonymous> (/opt/bitnami/node/lib/node_modules/pm2/lib/ProcessContainerFork.js:33:23)
    at Module._compile (node:internal/modules/cjs/loader:1356:14)
    at Module._extensions..js (node:internal/modules/cjs/loader:1414:10) {
  errno: -13,
  syscall: 'open',
  code: 'EACCES',
  path: '/etc/letsencrypt/live/server.3d-chess.co.uk/fullchain.pem'
}
Error: EACCES: permission denied, open '/etc/letsencrypt/live/server.3d-chess.co.uk/fullchain.pem'
    at Object.openSync (node:fs:596:3)
    at Object.readFileSync (node:fs:464:35)
    at Object.<anonymous> (/home/bitnami/Chess-Project/chess-server/server.js:6:12)
    at Module._compile (node:internal/modules/cjs/loader:1356:14)
    at Module._extensions..js (node:internal/modules/cjs/loader:1414:10)
    at Module.load (node:internal/modules/cjs/loader:1197:32)
    at Module._load (node:internal/modules/cjs/loader:1013:12)
    at Object.<anonymous> (/opt/bitnami/node/lib/node_modules/pm2/lib/ProcessContainerFork.js:33:23)
    at Module._compile (node:internal/modules/cjs/loader:1356:14)
    at Module._extensions..js (node:internal/modules/cjs/loader:1414:10) {
  errno: -13,
  syscall: 'open',
  code: 'EACCES',
  path: '/etc/letsencrypt/live/server.3d-chess.co.uk/fullchain.pem'
}
Error: EACCES: permission denied, open '/etc/letsencrypt/live/server.3d-chess.co.uk/fullchain.pem'
    at Object.openSync (node:fs:596:3)
    at Object.readFileSync (node:fs:464:35)
    at Object.<anonymous> (/home/bitnami/Chess-Project/chess-server/server.js:6:12)
    at Module._compile (node:internal/modules/cjs/loader:1356:14)
    at Module._extensions..js (node:internal/modules/cjs/loader:1414:10)
    at Module.load (node:internal/modules/cjs/loader:1197:32)
    at Module._load (node:internal/modules/cjs/loader:1013:12)
    at Object.<anonymous> (/opt/bitnami/node/lib/node_modules/pm2/lib/ProcessContainerFork.js:33:23)
    at Module._compile (node:internal/modules/cjs/loader:1356:14)
    at Module._extensions..js (node:internal/modules/cjs/loader:1414:10) {
  errno: -13,
  syscall: 'open',
  code: 'EACCES',
  path: '/etc/letsencrypt/live/server.3d-chess.co.uk/fullchain.pem'
}
Error: listen EACCES: permission denied 0.0.0.0:443
    at Server.setupListenHandle [as _listen2] (node:net:1800:21)
    at listenInCluster (node:net:1865:12)
    at Server.listen (node:net:1953:7)
    at Object.<anonymous> (/home/bitnami/Chess-Project/chess-server/server.js:13:8)
    at Module._compile (node:internal/modules/cjs/loader:1356:14)
    at Module._extensions..js (node:internal/modules/cjs/loader:1414:10)
    at Module.load (node:internal/modules/cjs/loader:1197:32)
    at Module._load (node:internal/modules/cjs/loader:1013:12)
    at Object.<anonymous> (/opt/bitnami/node/lib/node_modules/pm2/lib/ProcessContainerFork.js:33:23)
    at Module._compile (node:internal/modules/cjs/loader:1356:14) {
  code: 'EACCES',
  errno: -13,
  syscall: 'listen',
  address: '0.0.0.0',
  port: 443
}
Error: listen EACCES: permission denied 0.0.0.0:443
    at Server.setupListenHandle [as _listen2] (node:net:1800:21)
    at listenInCluster (node:net:1865:12)
    at Server.listen (node:net:1953:7)
    at Object.<anonymous> (/home/bitnami/Chess-Project/chess-server/server.js:13:8)
    at Module._compile (node:internal/modules/cjs/loader:1356:14)
    at Module._extensions..js (node:internal/modules/cjs/loader:1414:10)
    at Module.load (node:internal/modules/cjs/loader:1197:32)
    at Module._load (node:internal/modules/cjs/loader:1013:12)
    at Object.<anonymous> (/opt/bitnami/node/lib/node_modules/pm2/lib/ProcessContainerFork.js:33:23)
    at Module._compile (node:internal/modules/cjs/loader:1356:14) {
  code: 'EACCES',
  errno: -13,
  syscall: 'listen',
  address: '0.0.0.0',
  port: 443
}
Error: listen EACCES: permission denied 0.0.0.0:443
    at Server.setupListenHandle [as _listen2] (node:net:1800:21)
    at listenInCluster (node:net:1865:12)
    at Server.listen (node:net:1953:7)
    at Object.<anonymous> (/home/bitnami/Chess-Project/chess-server/server.js:13:8)
    at Module._compile (node:internal/modules/cjs/loader:1356:14)
    at Module._extensions..js (node:internal/modules/cjs/loader:1414:10)
    at Module.load (node:internal/modules/cjs/loader:1197:32)
    at Module._load (node:internal/modules/cjs/loader:1013:12)
    at Object.<anonymous> (/opt/bitnami/node/lib/node_modules/pm2/lib/ProcessContainerFork.js:33:23)
    at Module._compile (node:internal/modules/cjs/loader:1356:14) {
  code: 'EACCES',
  errno: -13,
  syscall: 'listen',
  address: '0.0.0.0',
  port: 443
}
Error: listen EACCES: permission denied 0.0.0.0:443
    at Server.setupListenHandle [as _listen2] (node:net:1800:21)
    at listenInCluster (node:net:1865:12)
    at Server.listen (node:net:1953:7)
    at Object.<anonymous> (/home/bitnami/Chess-Project/chess-server/server.js:13:8)
    at Module._compile (node:internal/modules/cjs/loader:1356:14)
    at Module._extensions..js (node:internal/modules/cjs/loader:1414:10)
    at Module.load (node:internal/modules/cjs/loader:1197:32)
    at Module._load (node:internal/modules/cjs/loader:1013:12)
    at Object.<anonymous> (/opt/bitnami/node/lib/node_modules/pm2/lib/ProcessContainerFork.js:33:23)
    at Module._compile (node:internal/modules/cjs/loader:1356:14) {
  code: 'EACCES',
  errno: -13,
  syscall: 'listen',
  address: '0.0.0.0',
  port: 443
}
Error: listen EACCES: permission denied 0.0.0.0:443
    at Server.setupListenHandle [as _listen2] (node:net:1800:21)
    at listenInCluster (node:net:1865:12)
    at Server.listen (node:net:1953:7)
    at Object.<anonymous> (/home/bitnami/Chess-Project/chess-server/server.js:13:8)
    at Module._compile (node:internal/modules/cjs/loader:1356:14)
    at Module._extensions..js (node:internal/modules/cjs/loader:1414:10)
    at Module.load (node:internal/modules/cjs/loader:1197:32)
    at Module._load (node:internal/modules/cjs/loader:1013:12)
    at Object.<anonymous> (/opt/bitnami/node/lib/node_modules/pm2/lib/ProcessContainerFork.js:33:23)
    at Module._compile (node:internal/modules/cjs/loader:1356:14) {
  code: 'EACCES',
  errno: -13,
  syscall: 'listen',
  address: '0.0.0.0',
  port: 443
}
Error: listen EACCES: permission denied 0.0.0.0:443
    at Server.setupListenHandle [as _listen2] (node:net:1800:21)
    at listenInCluster (node:net:1865:12)
    at Server.listen (node:net:1953:7)
    at Object.<anonymous> (/home/bitnami/Chess-Project/chess-server/server.js:13:8)
    at Module._compile (node:internal/modules/cjs/loader:1356:14)
    at Module._extensions..js (node:internal/modules/cjs/loader:1414:10)
    at Module.load (node:internal/modules/cjs/loader:1197:32)
    at Module._load (node:internal/modules/cjs/loader:1013:12)
    at Object.<anonymous> (/opt/bitnami/node/lib/node_modules/pm2/lib/ProcessContainerFork.js:33:23)
    at Module._compile (node:internal/modules/cjs/loader:1356:14) {
  code: 'EACCES',
  errno: -13,
  syscall: 'listen',
  address: '0.0.0.0',
  port: 443
}
Error: listen EACCES: permission denied 0.0.0.0:443
    at Server.setupListenHandle [as _listen2] (node:net:1800:21)
    at listenInCluster (node:net:1865:12)
    at Server.listen (node:net:1953:7)
    at Object.<anonymous> (/home/bitnami/Chess-Project/chess-server/server.js:13:8)
    at Module._compile (node:internal/modules/cjs/loader:1356:14)
    at Module._extensions..js (node:internal/modules/cjs/loader:1414:10)
    at Module.load (node:internal/modules/cjs/loader:1197:32)
    at Module._load (node:internal/modules/cjs/loader:1013:12)
    at Object.<anonymous> (/opt/bitnami/node/lib/node_modules/pm2/lib/ProcessContainerFork.js:33:23)
    at Module._compile (node:internal/modules/cjs/loader:1356:14) {
  code: 'EACCES',
  errno: -13,
  syscall: 'listen',
  address: '0.0.0.0',
  port: 443
}
Error: listen EACCES: permission denied 0.0.0.0:443
    at Server.setupListenHandle [as _listen2] (node:net:1800:21)
    at listenInCluster (node:net:1865:12)
    at Server.listen (node:net:1953:7)
    at Object.<anonymous> (/home/bitnami/Chess-Project/chess-server/server.js:13:8)
    at Module._compile (node:internal/modules/cjs/loader:1356:14)
    at Module._extensions..js (node:internal/modules/cjs/loader:1414:10)
    at Module.load (node:internal/modules/cjs/loader:1197:32)
    at Module._load (node:internal/modules/cjs/loader:1013:12)
    at Object.<anonymous> (/opt/bitnami/node/lib/node_modules/pm2/lib/ProcessContainerFork.js:33:23)
    at Module._compile (node:internal/modules/cjs/loader:1356:14) {
  code: 'EACCES',
  errno: -13,
  syscall: 'listen',
  address: '0.0.0.0',
  port: 443
}
Error: listen EACCES: permission denied 0.0.0.0:443
    at Server.setupListenHandle [as _listen2] (node:net:1800:21)
    at listenInCluster (node:net:1865:12)
    at Server.listen (node:net:1953:7)
    at Object.<anonymous> (/home/bitnami/Chess-Project/chess-server/server.js:13:8)
    at Module._compile (node:internal/modules/cjs/loader:1356:14)
    at Module._extensions..js (node:internal/modules/cjs/loader:1414:10)
    at Module.load (node:internal/modules/cjs/loader:1197:32)
    at Module._load (node:internal/modules/cjs/loader:1013:12)
    at Object.<anonymous> (/opt/bitnami/node/lib/node_modules/pm2/lib/ProcessContainerFork.js:33:23)
    at Module._compile (node:internal/modules/cjs/loader:1356:14) {
  code: 'EACCES',
  errno: -13,
  syscall: 'listen',
  address: '0.0.0.0',
  port: 443
}
Error: listen EACCES: permission denied 0.0.0.0:443
    at Server.setupListenHandle [as _listen2] (node:net:1800:21)
    at listenInCluster (node:net:1865:12)
    at Server.listen (node:net:1953:7)
    at Object.<anonymous> (/home/bitnami/Chess-Project/chess-server/server.js:13:8)
    at Module._compile (node:internal/modules/cjs/loader:1356:14)
    at Module._extensions..js (node:internal/modules/cjs/loader:1414:10)
    at Module.load (node:internal/modules/cjs/loader:1197:32)
    at Module._load (node:internal/modules/cjs/loader:1013:12)
    at Object.<anonymous> (/opt/bitnami/node/lib/node_modules/pm2/lib/ProcessContainerFork.js:33:23)
    at Module._compile (node:internal/modules/cjs/loader:1356:14) {
  code: 'EACCES',
  errno: -13,
  syscall: 'listen',
  address: '0.0.0.0',
  port: 443
}
Error: listen EACCES: permission denied 0.0.0.0:443
    at Server.setupListenHandle [as _listen2] (node:net:1800:21)
    at listenInCluster (node:net:1865:12)
    at Server.listen (node:net:1953:7)
    at Object.<anonymous> (/home/bitnami/Chess-Project/chess-server/server.js:13:8)
    at Module._compile (node:internal/modules/cjs/loader:1356:14)
    at Module._extensions..js (node:internal/modules/cjs/loader:1414:10)
    at Module.load (node:internal/modules/cjs/loader:1197:32)
    at Module._load (node:internal/modules/cjs/loader:1013:12)
    at Object.<anonymous> (/opt/bitnami/node/lib/node_modules/pm2/lib/ProcessContainerFork.js:33:23)
    at Module._compile (node:internal/modules/cjs/loader:1356:14) {
  code: 'EACCES',
  errno: -13,
  syscall: 'listen',
  address: '0.0.0.0',
  port: 443
}
Error: listen EACCES: permission denied 0.0.0.0:443
    at Server.setupListenHandle [as _listen2] (node:net:1800:21)
    at listenInCluster (node:net:1865:12)
    at Server.listen (node:net:1953:7)
    at Object.<anonymous> (/home/bitnami/Chess-Project/chess-server/server.js:13:8)
    at Module._compile (node:internal/modules/cjs/loader:1356:14)
    at Module._extensions..js (node:internal/modules/cjs/loader:1414:10)
    at Module.load (node:internal/modules/cjs/loader:1197:32)
    at Module._load (node:internal/modules/cjs/loader:1013:12)
    at Object.<anonymous> (/opt/bitnami/node/lib/node_modules/pm2/lib/ProcessContainerFork.js:33:23)
    at Module._compile (node:internal/modules/cjs/loader:1356:14) {
  code: 'EACCES',
  errno: -13,
  syscall: 'listen',
  address: '0.0.0.0',
  port: 443
}
Error: listen EACCES: permission denied 0.0.0.0:443
    at Server.setupListenHandle [as _listen2] (node:net:1800:21)
    at listenInCluster (node:net:1865:12)
    at Server.listen (node:net:1953:7)
    at Object.<anonymous> (/home/bitnami/Chess-Project/chess-server/server.js:13:8)
    at Module._compile (node:internal/modules/cjs/loader:1356:14)
    at Module._extensions..js (node:internal/modules/cjs/loader:1414:10)
    at Module.load (node:internal/modules/cjs/loader:1197:32)
    at Module._load (node:internal/modules/cjs/loader:1013:12)
    at Object.<anonymous> (/opt/bitnami/node/lib/node_modules/pm2/lib/ProcessContainerFork.js:33:23)
    at Module._compile (node:internal/modules/cjs/loader:1356:14) {
  code: 'EACCES',
  errno: -13,
  syscall: 'listen',
  address: '0.0.0.0',
  port: 443
}
Error: listen EACCES: permission denied 0.0.0.0:443
    at Server.setupListenHandle [as _listen2] (node:net:1800:21)
    at listenInCluster (node:net:1865:12)
    at Server.listen (node:net:1953:7)
    at Object.<anonymous> (/home/bitnami/Chess-Project/chess-server/server.js:13:8)
    at Module._compile (node:internal/modules/cjs/loader:1356:14)
    at Module._extensions..js (node:internal/modules/cjs/loader:1414:10)
    at Module.load (node:internal/modules/cjs/loader:1197:32)
    at Module._load (node:internal/modules/cjs/loader:1013:12)
    at Object.<anonymous> (/opt/bitnami/node/lib/node_modules/pm2/lib/ProcessContainerFork.js:33:23)
    at Module._compile (node:internal/modules/cjs/loader:1356:14) {
  code: 'EACCES',
  errno: -13,
  syscall: 'listen',
  address: '0.0.0.0',
  port: 443
}
Error: listen EACCES: permission denied 0.0.0.0:443
    at Server.setupListenHandle [as _listen2] (node:net:1800:21)
    at listenInCluster (node:net:1865:12)
    at Server.listen (node:net:1953:7)
    at Object.<anonymous> (/home/bitnami/Chess-Project/chess-server/server.js:13:8)
    at Module._compile (node:internal/modules/cjs/loader:1356:14)
    at Module._extensions..js (node:internal/modules/cjs/loader:1414:10)
    at Module.load (node:internal/modules/cjs/loader:1197:32)
    at Module._load (node:internal/modules/cjs/loader:1013:12)
    at Object.<anonymous> (/opt/bitnami/node/lib/node_modules/pm2/lib/ProcessContainerFork.js:33:23)
    at Module._compile (node:internal/modules/cjs/loader:1356:14) {
  code: 'EACCES',
  errno: -13,
  syscall: 'listen',
  address: '0.0.0.0',
  port: 443
}
Error: listen EACCES: permission denied 0.0.0.0:443
    at Server.setupListenHandle [as _listen2] (node:net:1800:21)
    at listenInCluster (node:net:1865:12)
    at Server.listen (node:net:1953:7)
    at Object.<anonymous> (/home/bitnami/Chess-Project/chess-server/server.js:13:8)
    at Module._compile (node:internal/modules/cjs/loader:1356:14)
    at Module._extensions..js (node:internal/modules/cjs/loader:1414:10)
    at Module.load (node:internal/modules/cjs/loader:1197:32)
    at Module._load (node:internal/modules/cjs/loader:1013:12)
    at Object.<anonymous> (/opt/bitnami/node/lib/node_modules/pm2/lib/ProcessContainerFork.js:33:23)
    at Module._compile (node:internal/modules/cjs/loader:1356:14) {
  code: 'EACCES',
  errno: -13,
  syscall: 'listen',
  address: '0.0.0.0',
  port: 443
}
Error: listen EACCES: permission denied 0.0.0.0:443
    at Server.setupListenHandle [as _listen2] (node:net:1800:21)
    at listenInCluster (node:net:1865:12)
    at Server.listen (node:net:1953:7)
    at Object.<anonymous> (/home/bitnami/Chess-Project/chess-server/server.js:13:8)
    at Module._compile (node:internal/modules/cjs/loader:1356:14)
    at Module._extensions..js (node:internal/modules/cjs/loader:1414:10)
    at Module.load (node:internal/modules/cjs/loader:1197:32)
    at Module._load (node:internal/modules/cjs/loader:1013:12)
    at Object.<anonymous> (/opt/bitnami/node/lib/node_modules/pm2/lib/ProcessContainerFork.js:33:23)
    at Module._compile (node:internal/modules/cjs/loader:1356:14) {
  code: 'EACCES',
  errno: -13,
  syscall: 'listen',
  address: '0.0.0.0',
  port: 443
}
Error: listen EACCES: permission denied 0.0.0.0:443
    at Server.setupListenHandle [as _listen2] (node:net:1800:21)
    at listenInCluster (node:net:1865:12)
    at Server.listen (node:net:1953:7)
    at Object.<anonymous> (/home/bitnami/Chess-Project/chess-server/server.js:13:8)
    at Module._compile (node:internal/modules/cjs/loader:1356:14)
    at Module._extensions..js (node:internal/modules/cjs/loader:1414:10)
    at Module.load (node:internal/modules/cjs/loader:1197:32)
    at Module._load (node:internal/modules/cjs/loader:1013:12)
    at Object.<anonymous> (/opt/bitnami/node/lib/node_modules/pm2/lib/ProcessContainerFork.js:33:23)
    at Module._compile (node:internal/modules/cjs/loader:1356:14) {
  code: 'EACCES',
  errno: -13,
  syscall: 'listen',
  address: '0.0.0.0',
  port: 443
}
Error: listen EACCES: permission denied 0.0.0.0:443
    at Server.setupListenHandle [as _listen2] (node:net:1800:21)
    at listenInCluster (node:net:1865:12)
    at Server.listen (node:net:1953:7)
    at Object.<anonymous> (/home/bitnami/Chess-Project/chess-server/server.js:13:8)
    at Module._compile (node:internal/modules/cjs/loader:1356:14)
    at Module._extensions..js (node:internal/modules/cjs/loader:1414:10)
    at Module.load (node:internal/modules/cjs/loader:1197:32)
    at Module._load (node:internal/modules/cjs/loader:1013:12)
    at Object.<anonymous> (/opt/bitnami/node/lib/node_modules/pm2/lib/ProcessContainerFork.js:33:23)
    at Module._compile (node:internal/modules/cjs/loader:1356:14) {
  code: 'EACCES',
  errno: -13,
  syscall: 'listen',
  address: '0.0.0.0',
  port: 443
}
Error: listen EACCES: permission denied 0.0.0.0:443
    at Server.setupListenHandle [as _listen2] (node:net:1800:21)
    at listenInCluster (node:net:1865:12)
    at Server.listen (node:net:1953:7)
    at Object.<anonymous> (/home/bitnami/Chess-Project/chess-server/server.js:13:8)
    at Module._compile (node:internal/modules/cjs/loader:1356:14)
    at Module._extensions..js (node:internal/modules/cjs/loader:1414:10)
    at Module.load (node:internal/modules/cjs/loader:1197:32)
    at Module._load (node:internal/modules/cjs/loader:1013:12)
    at Object.<anonymous> (/opt/bitnami/node/lib/node_modules/pm2/lib/ProcessContainerFork.js:33:23)
    at Module._compile (node:internal/modules/cjs/loader:1356:14) {
  code: 'EACCES',
  errno: -13,
  syscall: 'listen',
  address: '0.0.0.0',
  port: 443
}
Error: listen EACCES: permission denied 0.0.0.0:443
    at Server.setupListenHandle [as _listen2] (node:net:1800:21)
    at listenInCluster (node:net:1865:12)
    at Server.listen (node:net:1953:7)
    at Object.<anonymous> (/home/bitnami/Chess-Project/chess-server/server.js:13:8)
    at Module._compile (node:internal/modules/cjs/loader:1356:14)
    at Module._extensions..js (node:internal/modules/cjs/loader:1414:10)
    at Module.load (node:internal/modules/cjs/loader:1197:32)
    at Module._load (node:internal/modules/cjs/loader:1013:12)
    at Object.<anonymous> (/opt/bitnami/node/lib/node_modules/pm2/lib/ProcessContainerFork.js:33:23)
    at Module._compile (node:internal/modules/cjs/loader:1356:14) {
  code: 'EACCES',
  errno: -13,
  syscall: 'listen',
  address: '0.0.0.0',
  port: 443
}
Error: listen EACCES: permission denied 0.0.0.0:443
    at Server.setupListenHandle [as _listen2] (node:net:1800:21)
    at listenInCluster (node:net:1865:12)
    at Server.listen (node:net:1953:7)
    at Object.<anonymous> (/home/bitnami/Chess-Project/chess-server/server.js:13:8)
    at Module._compile (node:internal/modules/cjs/loader:1356:14)
    at Module._extensions..js (node:internal/modules/cjs/loader:1414:10)
    at Module.load (node:internal/modules/cjs/loader:1197:32)
    at Module._load (node:internal/modules/cjs/loader:1013:12)
    at Object.<anonymous> (/opt/bitnami/node/lib/node_modules/pm2/lib/ProcessContainerFork.js:33:23)
    at Module._compile (node:internal/modules/cjs/loader:1356:14) {
  code: 'EACCES',
  errno: -13,
  syscall: 'listen',
  address: '0.0.0.0',
  port: 443
}
Error: listen EACCES: permission denied 0.0.0.0:443
    at Server.setupListenHandle [as _listen2] (node:net:1800:21)
    at listenInCluster (node:net:1865:12)
    at Server.listen (node:net:1953:7)
    at Object.<anonymous> (/home/bitnami/Chess-Project/chess-server/server.js:13:8)
    at Module._compile (node:internal/modules/cjs/loader:1356:14)
    at Module._extensions..js (node:internal/modules/cjs/loader:1414:10)
    at Module.load (node:internal/modules/cjs/loader:1197:32)
    at Module._load (node:internal/modules/cjs/loader:1013:12)
    at Object.<anonymous> (/opt/bitnami/node/lib/node_modules/pm2/lib/ProcessContainerFork.js:33:23)
    at Module._compile (node:internal/modules/cjs/loader:1356:14) {
  code: 'EACCES',
  errno: -13,
  syscall: 'listen',
  address: '0.0.0.0',
  port: 443
}
Error: listen EACCES: permission denied 0.0.0.0:443
    at Server.setupListenHandle [as _listen2] (node:net:1800:21)
    at listenInCluster (node:net:1865:12)
    at Server.listen (node:net:1953:7)
    at Object.<anonymous> (/home/bitnami/Chess-Project/chess-server/server.js:13:8)
    at Module._compile (node:internal/modules/cjs/loader:1356:14)
    at Module._extensions..js (node:internal/modules/cjs/loader:1414:10)
    at Module.load (node:internal/modules/cjs/loader:1197:32)
    at Module._load (node:internal/modules/cjs/loader:1013:12)
    at Object.<anonymous> (/opt/bitnami/node/lib/node_modules/pm2/lib/ProcessContainerFork.js:33:23)
    at Module._compile (node:internal/modules/cjs/loader:1356:14) {
  code: 'EACCES',
  errno: -13,
  syscall: 'listen',
  address: '0.0.0.0',
  port: 443
}
Error: listen EACCES: permission denied 0.0.0.0:443
    at Server.setupListenHandle [as _listen2] (node:net:1800:21)
    at listenInCluster (node:net:1865:12)
    at Server.listen (node:net:1953:7)
    at Object.<anonymous> (/home/bitnami/Chess-Project/chess-server/server.js:13:8)
    at Module._compile (node:internal/modules/cjs/loader:1356:14)
    at Module._extensions..js (node:internal/modules/cjs/loader:1414:10)
    at Module.load (node:internal/modules/cjs/loader:1197:32)
    at Module._load (node:internal/modules/cjs/loader:1013:12)
    at Object.<anonymous> (/opt/bitnami/node/lib/node_modules/pm2/lib/ProcessContainerFork.js:33:23)
    at Module._compile (node:internal/modules/cjs/loader:1356:14) {
  code: 'EACCES',
  errno: -13,
  syscall: 'listen',
  address: '0.0.0.0',
  port: 443
}
Error: listen EACCES: permission denied 0.0.0.0:443
    at Server.setupListenHandle [as _listen2] (node:net:1800:21)
    at listenInCluster (node:net:1865:12)
    at Server.listen (node:net:1953:7)
    at Object.<anonymous> (/home/bitnami/Chess-Project/chess-server/server.js:13:8)
    at Module._compile (node:internal/modules/cjs/loader:1356:14)
    at Module._extensions..js (node:internal/modules/cjs/loader:1414:10)
    at Module.load (node:internal/modules/cjs/loader:1197:32)
    at Module._load (node:internal/modules/cjs/loader:1013:12)
    at Object.<anonymous> (/opt/bitnami/node/lib/node_modules/pm2/lib/ProcessContainerFork.js:33:23)
    at Module._compile (node:internal/modules/cjs/loader:1356:14) {
  code: 'EACCES',
  errno: -13,
  syscall: 'listen',
  address: '0.0.0.0',
  port: 443
}
Error: listen EACCES: permission denied 0.0.0.0:443
    at Server.setupListenHandle [as _listen2] (node:net:1800:21)
    at listenInCluster (node:net:1865:12)
    at Server.listen (node:net:1953:7)
    at Object.<anonymous> (/home/bitnami/Chess-Project/chess-server/server.js:13:8)
    at Module._compile (node:internal/modules/cjs/loader:1356:14)
    at Module._extensions..js (node:internal/modules/cjs/loader:1414:10)
    at Module.load (node:internal/modules/cjs/loader:1197:32)
    at Module._load (node:internal/modules/cjs/loader:1013:12)
    at Object.<anonymous> (/opt/bitnami/node/lib/node_modules/pm2/lib/ProcessContainerFork.js:33:23)
    at Module._compile (node:internal/modules/cjs/loader:1356:14) {
  code: 'EACCES',
  errno: -13,
  syscall: 'listen',
  address: '0.0.0.0',
  port: 443
}
Error: listen EACCES: permission denied 0.0.0.0:443
    at Server.setupListenHandle [as _listen2] (node:net:1800:21)
    at listenInCluster (node:net:1865:12)
    at Server.listen (node:net:1953:7)
    at Object.<anonymous> (/home/bitnami/Chess-Project/chess-server/server.js:13:8)
    at Module._compile (node:internal/modules/cjs/loader:1356:14)
    at Module._extensions..js (node:internal/modules/cjs/loader:1414:10)
    at Module.load (node:internal/modules/cjs/loader:1197:32)
    at Module._load (node:internal/modules/cjs/loader:1013:12)
    at Object.<anonymous> (/opt/bitnami/node/lib/node_modules/pm2/lib/ProcessContainerFork.js:33:23)
    at Module._compile (node:internal/modules/cjs/loader:1356:14) {
  code: 'EACCES',
  errno: -13,
  syscall: 'listen',
  address: '0.0.0.0',
  port: 443
}
Error: listen EACCES: permission denied 0.0.0.0:443
    at Server.setupListenHandle [as _listen2] (node:net:1800:21)
    at listenInCluster (node:net:1865:12)
    at Server.listen (node:net:1953:7)
    at Object.<anonymous> (/home/bitnami/Chess-Project/chess-server/server.js:13:8)
    at Module._compile (node:internal/modules/cjs/loader:1356:14)
    at Module._extensions..js (node:internal/modules/cjs/loader:1414:10)
    at Module.load (node:internal/modules/cjs/loader:1197:32)
    at Module._load (node:internal/modules/cjs/loader:1013:12)
    at Object.<anonymous> (/opt/bitnami/node/lib/node_modules/pm2/lib/ProcessContainerFork.js:33:23)
    at Module._compile (node:internal/modules/cjs/loader:1356:14) {
  code: 'EACCES',
  errno: -13,
  syscall: 'listen',
  address: '0.0.0.0',
  port: 443
}
Error: listen EACCES: permission denied 0.0.0.0:443
    at Server.setupListenHandle [as _listen2] (node:net:1800:21)
    at listenInCluster (node:net:1865:12)
    at Server.listen (node:net:1953:7)
    at Object.<anonymous> (/home/bitnami/Chess-Project/chess-server/server.js:13:8)
    at Module._compile (node:internal/modules/cjs/loader:1356:14)
    at Module._extensions..js (node:internal/modules/cjs/loader:1414:10)
    at Module.load (node:internal/modules/cjs/loader:1197:32)
    at Module._load (node:internal/modules/cjs/loader:1013:12)
    at Object.<anonymous> (/opt/bitnami/node/lib/node_modules/pm2/lib/ProcessContainerFork.js:33:23)
    at Module._compile (node:internal/modules/cjs/loader:1356:14) {
  code: 'EACCES',
  errno: -13,
  syscall: 'listen',
  address: '0.0.0.0',
  port: 443
}
Error: listen EACCES: permission denied 0.0.0.0:443
    at Server.setupListenHandle [as _listen2] (node:net:1800:21)
    at listenInCluster (node:net:1865:12)
    at Server.listen (node:net:1953:7)
    at Object.<anonymous> (/home/bitnami/Chess-Project/chess-server/server.js:13:8)
    at Module._compile (node:internal/modules/cjs/loader:1356:14)
    at Module._extensions..js (node:internal/modules/cjs/loader:1414:10)
    at Module.load (node:internal/modules/cjs/loader:1197:32)
    at Module._load (node:internal/modules/cjs/loader:1013:12)
    at Object.<anonymous> (/opt/bitnami/node/lib/node_modules/pm2/lib/ProcessContainerFork.js:33:23)
    at Module._compile (node:internal/modules/cjs/loader:1356:14) {
  code: 'EACCES',
  errno: -13,
  syscall: 'listen',
  address: '0.0.0.0',
  port: 443
}
Error: listen EACCES: permission denied 0.0.0.0:443
    at Server.setupListenHandle [as _listen2] (node:net:1800:21)
    at listenInCluster (node:net:1865:12)
    at Server.listen (node:net:1953:7)
    at Object.<anonymous> (/home/bitnami/Chess-Project/chess-server/server.js:13:8)
    at Module._compile (node:internal/modules/cjs/loader:1356:14)
    at Module._extensions..js (node:internal/modules/cjs/loader:1414:10)
    at Module.load (node:internal/modules/cjs/loader:1197:32)
    at Module._load (node:internal/modules/cjs/loader:1013:12)
    at Object.<anonymous> (/opt/bitnami/node/lib/node_modules/pm2/lib/ProcessContainerFork.js:33:23)
    at Module._compile (node:internal/modules/cjs/loader:1356:14) {
  code: 'EACCES',
  errno: -13,
  syscall: 'listen',
  address: '0.0.0.0',
  port: 443
}
Error: listen EACCES: permission denied 0.0.0.0:443
    at Server.setupListenHandle [as _listen2] (node:net:1800:21)
    at listenInCluster (node:net:1865:12)
    at Server.listen (node:net:1953:7)
    at Object.<anonymous> (/home/bitnami/Chess-Project/chess-server/server.js:13:8)
    at Module._compile (node:internal/modules/cjs/loader:1356:14)
    at Module._extensions..js (node:internal/modules/cjs/loader:1414:10)
    at Module.load (node:internal/modules/cjs/loader:1197:32)
    at Module._load (node:internal/modules/cjs/loader:1013:12)
    at Object.<anonymous> (/opt/bitnami/node/lib/node_modules/pm2/lib/ProcessContainerFork.js:33:23)
    at Module._compile (node:internal/modules/cjs/loader:1356:14) {
  code: 'EACCES',
  errno: -13,
  syscall: 'listen',
  address: '0.0.0.0',
  port: 443
}
Error: listen EACCES: permission denied 0.0.0.0:443
    at Server.setupListenHandle [as _listen2] (node:net:1800:21)
    at listenInCluster (node:net:1865:12)
    at Server.listen (node:net:1953:7)
    at Object.<anonymous> (/home/bitnami/Chess-Project/chess-server/server.js:13:8)
    at Module._compile (node:internal/modules/cjs/loader:1356:14)
    at Module._extensions..js (node:internal/modules/cjs/loader:1414:10)
    at Module.load (node:internal/modules/cjs/loader:1197:32)
    at Module._load (node:internal/modules/cjs/loader:1013:12)
    at Object.<anonymous> (/opt/bitnami/node/lib/node_modules/pm2/lib/ProcessContainerFork.js:33:23)
    at Module._compile (node:internal/modules/cjs/loader:1356:14) {
  code: 'EACCES',
  errno: -13,
  syscall: 'listen',
  address: '0.0.0.0',
  port: 443
}
Error: listen EACCES: permission denied 0.0.0.0:443
    at Server.setupListenHandle [as _listen2] (node:net:1800:21)
    at listenInCluster (node:net:1865:12)
    at Server.listen (node:net:1953:7)
    at Object.<anonymous> (/home/bitnami/Chess-Project/chess-server/server.js:13:8)
    at Module._compile (node:internal/modules/cjs/loader:1356:14)
    at Module._extensions..js (node:internal/modules/cjs/loader:1414:10)
    at Module.load (node:internal/modules/cjs/loader:1197:32)
    at Module._load (node:internal/modules/cjs/loader:1013:12)
    at Object.<anonymous> (/opt/bitnami/node/lib/node_modules/pm2/lib/ProcessContainerFork.js:33:23)
    at Module._compile (node:internal/modules/cjs/loader:1356:14) {
  code: 'EACCES',
  errno: -13,
  syscall: 'listen',
  address: '0.0.0.0',
  port: 443
}
Error: listen EACCES: permission denied 0.0.0.0:443
    at Server.setupListenHandle [as _listen2] (node:net:1800:21)
    at listenInCluster (node:net:1865:12)
    at Server.listen (node:net:1953:7)
    at Object.<anonymous> (/home/bitnami/Chess-Project/chess-server/server.js:13:8)
    at Module._compile (node:internal/modules/cjs/loader:1356:14)
    at Module._extensions..js (node:internal/modules/cjs/loader:1414:10)
    at Module.load (node:internal/modules/cjs/loader:1197:32)
    at Module._load (node:internal/modules/cjs/loader:1013:12)
    at Object.<anonymous> (/opt/bitnami/node/lib/node_modules/pm2/lib/ProcessContainerFork.js:33:23)
    at Module._compile (node:internal/modules/cjs/loader:1356:14) {
  code: 'EACCES',
  errno: -13,
  syscall: 'listen',
  address: '0.0.0.0',
  port: 443
}
Error: listen EACCES: permission denied 0.0.0.0:443
    at Server.setupListenHandle [as _listen2] (node:net:1800:21)
    at listenInCluster (node:net:1865:12)
    at Server.listen (node:net:1953:7)
    at Object.<anonymous> (/home/bitnami/Chess-Project/chess-server/server.js:13:8)
    at Module._compile (node:internal/modules/cjs/loader:1356:14)
    at Module._extensions..js (node:internal/modules/cjs/loader:1414:10)
    at Module.load (node:internal/modules/cjs/loader:1197:32)
    at Module._load (node:internal/modules/cjs/loader:1013:12)
    at Object.<anonymous> (/opt/bitnami/node/lib/node_modules/pm2/lib/ProcessContainerFork.js:33:23)
    at Module._compile (node:internal/modules/cjs/loader:1356:14) {
  code: 'EACCES',
  errno: -13,
  syscall: 'listen',
  address: '0.0.0.0',
  port: 443
}
Error: listen EACCES: permission denied 0.0.0.0:443
    at Server.setupListenHandle [as _listen2] (node:net:1800:21)
    at listenInCluster (node:net:1865:12)
    at Server.listen (node:net:1953:7)
    at Object.<anonymous> (/home/bitnami/Chess-Project/chess-server/server.js:13:8)
    at Module._compile (node:internal/modules/cjs/loader:1356:14)
    at Module._extensions..js (node:internal/modules/cjs/loader:1414:10)
    at Module.load (node:internal/modules/cjs/loader:1197:32)
    at Module._load (node:internal/modules/cjs/loader:1013:12)
    at Object.<anonymous> (/opt/bitnami/node/lib/node_modules/pm2/lib/ProcessContainerFork.js:33:23)
    at Module._compile (node:internal/modules/cjs/loader:1356:14) {
  code: 'EACCES',
  errno: -13,
  syscall: 'listen',
  address: '0.0.0.0',
  port: 443
}
Error: listen EACCES: permission denied 0.0.0.0:443
    at Server.setupListenHandle [as _listen2] (node:net:1800:21)
    at listenInCluster (node:net:1865:12)
    at Server.listen (node:net:1953:7)
    at Object.<anonymous> (/home/bitnami/Chess-Project/chess-server/server.js:13:8)
    at Module._compile (node:internal/modules/cjs/loader:1356:14)
    at Module._extensions..js (node:internal/modules/cjs/loader:1414:10)
    at Module.load (node:internal/modules/cjs/loader:1197:32)
    at Module._load (node:internal/modules/cjs/loader:1013:12)
    at Object.<anonymous> (/opt/bitnami/node/lib/node_modules/pm2/lib/ProcessContainerFork.js:33:23)
    at Module._compile (node:internal/modules/cjs/loader:1356:14) {
  code: 'EACCES',
  errno: -13,
  syscall: 'listen',
  address: '0.0.0.0',
  port: 443
}
Error: listen EACCES: permission denied 0.0.0.0:443
    at Server.setupListenHandle [as _listen2] (node:net:1800:21)
    at listenInCluster (node:net:1865:12)
    at Server.listen (node:net:1953:7)
    at Object.<anonymous> (/home/bitnami/Chess-Project/chess-server/server.js:13:8)
    at Module._compile (node:internal/modules/cjs/loader:1356:14)
    at Module._extensions..js (node:internal/modules/cjs/loader:1414:10)
    at Module.load (node:internal/modules/cjs/loader:1197:32)
    at Module._load (node:internal/modules/cjs/loader:1013:12)
    at Object.<anonymous> (/opt/bitnami/node/lib/node_modules/pm2/lib/ProcessContainerFork.js:33:23)
    at Module._compile (node:internal/modules/cjs/loader:1356:14) {
  code: 'EACCES',
  errno: -13,
  syscall: 'listen',
  address: '0.0.0.0',
  port: 443
}
Error: listen EACCES: permission denied 0.0.0.0:443
    at Server.setupListenHandle [as _listen2] (node:net:1800:21)
    at listenInCluster (node:net:1865:12)
    at Server.listen (node:net:1953:7)
    at Object.<anonymous> (/home/bitnami/Chess-Project/chess-server/server.js:13:8)
    at Module._compile (node:internal/modules/cjs/loader:1356:14)
    at Module._extensions..js (node:internal/modules/cjs/loader:1414:10)
    at Module.load (node:internal/modules/cjs/loader:1197:32)
    at Module._load (node:internal/modules/cjs/loader:1013:12)
    at Object.<anonymous> (/opt/bitnami/node/lib/node_modules/pm2/lib/ProcessContainerFork.js:33:23)
    at Module._compile (node:internal/modules/cjs/loader:1356:14) {
  code: 'EACCES',
  errno: -13,
  syscall: 'listen',
  address: '0.0.0.0',
  port: 443
}
Error: listen EACCES: permission denied 0.0.0.0:443
    at Server.setupListenHandle [as _listen2] (node:net:1800:21)
    at listenInCluster (node:net:1865:12)
    at Server.listen (node:net:1953:7)
    at Object.<anonymous> (/home/bitnami/Chess-Project/chess-server/server.js:13:8)
    at Module._compile (node:internal/modules/cjs/loader:1356:14)
    at Module._extensions..js (node:internal/modules/cjs/loader:1414:10)
    at Module.load (node:internal/modules/cjs/loader:1197:32)
    at Module._load (node:internal/modules/cjs/loader:1013:12)
    at Object.<anonymous> (/opt/bitnami/node/lib/node_modules/pm2/lib/ProcessContainerFork.js:33:23)
    at Module._compile (node:internal/modules/cjs/loader:1356:14) {
  code: 'EACCES',
  errno: -13,
  syscall: 'listen',
  address: '0.0.0.0',
  port: 443
}
Error: listen EACCES: permission denied 0.0.0.0:443
    at Server.setupListenHandle [as _listen2] (node:net:1800:21)
    at listenInCluster (node:net:1865:12)
    at Server.listen (node:net:1953:7)
    at Object.<anonymous> (/home/bitnami/Chess-Project/chess-server/server.js:13:8)
    at Module._compile (node:internal/modules/cjs/loader:1356:14)
    at Module._extensions..js (node:internal/modules/cjs/loader:1414:10)
    at Module.load (node:internal/modules/cjs/loader:1197:32)
    at Module._load (node:internal/modules/cjs/loader:1013:12)
    at Object.<anonymous> (/opt/bitnami/node/lib/node_modules/pm2/lib/ProcessContainerFork.js:33:23)
    at Module._compile (node:internal/modules/cjs/loader:1356:14) {
  code: 'EACCES',
  errno: -13,
  syscall: 'listen',
  address: '0.0.0.0',
  port: 443
}
Error: listen EACCES: permission denied 0.0.0.0:443
    at Server.setupListenHandle [as _listen2] (node:net:1800:21)
    at listenInCluster (node:net:1865:12)
    at Server.listen (node:net:1953:7)
    at Object.<anonymous> (/home/bitnami/Chess-Project/chess-server/server.js:13:8)
    at Module._compile (node:internal/modules/cjs/loader:1356:14)
    at Module._extensions..js (node:internal/modules/cjs/loader:1414:10)
    at Module.load (node:internal/modules/cjs/loader:1197:32)
    at Module._load (node:internal/modules/cjs/loader:1013:12)
    at Object.<anonymous> (/opt/bitnami/node/lib/node_modules/pm2/lib/ProcessContainerFork.js:33:23)
    at Module._compile (node:internal/modules/cjs/loader:1356:14) {
  code: 'EACCES',
  errno: -13,
  syscall: 'listen',
  address: '0.0.0.0',
  port: 443
}
Error: listen EACCES: permission denied 0.0.0.0:443
    at Server.setupListenHandle [as _listen2] (node:net:1800:21)
    at listenInCluster (node:net:1865:12)
    at Server.listen (node:net:1953:7)
    at Object.<anonymous> (/home/bitnami/Chess-Project/chess-server/server.js:13:8)
    at Module._compile (node:internal/modules/cjs/loader:1356:14)
    at Module._extensions..js (node:internal/modules/cjs/loader:1414:10)
    at Module.load (node:internal/modules/cjs/loader:1197:32)
    at Module._load (node:internal/modules/cjs/loader:1013:12)
    at Object.<anonymous> (/opt/bitnami/node/lib/node_modules/pm2/lib/ProcessContainerFork.js:33:23)
    at Module._compile (node:internal/modules/cjs/loader:1356:14) {
  code: 'EACCES',
  errno: -13,
  syscall: 'listen',
  address: '0.0.0.0',
  port: 443
}
Error: listen EACCES: permission denied 0.0.0.0:443
    at Server.setupListenHandle [as _listen2] (node:net:1800:21)
    at listenInCluster (node:net:1865:12)
    at Server.listen (node:net:1953:7)
    at Object.<anonymous> (/home/bitnami/Chess-Project/chess-server/server.js:13:8)
    at Module._compile (node:internal/modules/cjs/loader:1356:14)
    at Module._extensions..js (node:internal/modules/cjs/loader:1414:10)
    at Module.load (node:internal/modules/cjs/loader:1197:32)
    at Module._load (node:internal/modules/cjs/loader:1013:12)
    at Object.<anonymous> (/opt/bitnami/node/lib/node_modules/pm2/lib/ProcessContainerFork.js:33:23)
    at Module._compile (node:internal/modules/cjs/loader:1356:14) {
  code: 'EACCES',
  errno: -13,
  syscall: 'listen',
  address: '0.0.0.0',
  port: 443
}
Error: listen EACCES: permission denied 0.0.0.0:443
    at Server.setupListenHandle [as _listen2] (node:net:1800:21)
    at listenInCluster (node:net:1865:12)
    at Server.listen (node:net:1953:7)
    at Object.<anonymous> (/home/bitnami/Chess-Project/chess-server/server.js:13:8)
    at Module._compile (node:internal/modules/cjs/loader:1356:14)
    at Module._extensions..js (node:internal/modules/cjs/loader:1414:10)
    at Module.load (node:internal/modules/cjs/loader:1197:32)
    at Module._load (node:internal/modules/cjs/loader:1013:12)
    at Object.<anonymous> (/opt/bitnami/node/lib/node_modules/pm2/lib/ProcessContainerFork.js:33:23)
    at Module._compile (node:internal/modules/cjs/loader:1356:14) {
  code: 'EACCES',
  errno: -13,
  syscall: 'listen',
  address: '0.0.0.0',
  port: 443
}
Error: listen EACCES: permission denied 0.0.0.0:443
    at Server.setupListenHandle [as _listen2] (node:net:1800:21)
    at listenInCluster (node:net:1865:12)
    at Server.listen (node:net:1953:7)
    at Object.<anonymous> (/home/bitnami/Chess-Project/chess-server/server.js:13:8)
    at Module._compile (node:internal/modules/cjs/loader:1356:14)
    at Module._extensions..js (node:internal/modules/cjs/loader:1414:10)
    at Module.load (node:internal/modules/cjs/loader:1197:32)
    at Module._load (node:internal/modules/cjs/loader:1013:12)
    at Object.<anonymous> (/opt/bitnami/node/lib/node_modules/pm2/lib/ProcessContainerFork.js:33:23)
    at Module._compile (node:internal/modules/cjs/loader:1356:14) {
  code: 'EACCES',
  errno: -13,
  syscall: 'listen',
  address: '0.0.0.0',
  port: 443
}
